Crashlog created at 2016-06-27 21:30:32 -0400

===== MESSAGE:

NoMethodError: undefined method `strftime' for nil:NilClass

===== COMPILATION STACK:

  - [item]   /content/handbook/01_preface.md.erb (rep default)

===== STACK TRACE:

  0. /Users/pitosalas/.rbenv/versions/2.2.3/lib/ruby/gems/2.2.0/gems/coursegen-0.3.1/lib/coursegen/course/helpers/list_of.rb:79:in `cell_content_string'
  1. /Users/pitosalas/.rbenv/versions/2.2.3/lib/ruby/gems/2.2.0/gems/coursegen-0.3.1/lib/coursegen/course/helpers/list_of.rb:60:in `block in generate_detail_row'
  2. /Users/pitosalas/.rbenv/versions/2.2.3/lib/ruby/gems/2.2.0/gems/coursegen-0.3.1/lib/coursegen/course/helpers/list_of.rb:58:in `each'
  3. /Users/pitosalas/.rbenv/versions/2.2.3/lib/ruby/gems/2.2.0/gems/coursegen-0.3.1/lib/coursegen/course/helpers/list_of.rb:58:in `generate_detail_row'
  4. /Users/pitosalas/.rbenv/versions/2.2.3/lib/ruby/gems/2.2.0/gems/coursegen-0.3.1/lib/coursegen/course/helpers/list_of.rb:51:in `block in generate_rows'
  5. /Users/pitosalas/.rbenv/versions/2.2.3/lib/ruby/gems/2.2.0/gems/coursegen-0.3.1/lib/coursegen/course/data/data_adaptor.rb:15:in `block in rows'
  6. /Users/pitosalas/.rbenv/versions/2.2.3/lib/ruby/gems/2.2.0/gems/coursegen-0.3.1/lib/coursegen/course/data/data_adaptor.rb:14:in `rows'
  7. /Users/pitosalas/.rbenv/versions/2.2.3/lib/ruby/gems/2.2.0/gems/coursegen-0.3.1/lib/coursegen/course/helpers/list_of.rb:46:in `generate_rows'
  8. /Users/pitosalas/.rbenv/versions/2.2.3/lib/ruby/gems/2.2.0/gems/coursegen-0.3.1/lib/coursegen/course/helpers/list_of.rb:26:in `render'
  9. /Users/pitosalas/.rbenv/versions/2.2.3/lib/ruby/gems/2.2.0/gems/coursegen-0.3.1/lib/coursegen/course/helpers/list_of_helpers.rb:17:in `list_of'
  10. item /content/handbook/01_preface.md.erb (rep default):10:in `get_binding'
  11. /Users/pitosalas/.rbenv/versions/2.2.3/lib/ruby/2.2.0/erb.rb:863:in `eval'
  12. /Users/pitosalas/.rbenv/versions/2.2.3/lib/ruby/2.2.0/erb.rb:863:in `result'
  13. /Users/pitosalas/.rbenv/versions/2.2.3/lib/ruby/gems/2.2.0/gems/nanoc-4.0.0rc2/lib/nanoc/filters/erb.rb:32:in `run'
  14. /Users/pitosalas/.rbenv/versions/2.2.3/lib/ruby/gems/2.2.0/gems/nanoc-4.0.0rc2/lib/nanoc/base/compilation/filter.rb:130:in `setup_and_run'
  15. /Users/pitosalas/.rbenv/versions/2.2.3/lib/ruby/gems/2.2.0/gems/nanoc-4.0.0rc2/lib/nanoc/base/services/executor.rb:36:in `filter'
  16. /Users/pitosalas/.rbenv/versions/2.2.3/lib/ruby/gems/2.2.0/gems/nanoc-4.0.0rc2/lib/nanoc/base/compilation/rule_context.rb:39:in `filter'
  17. /Volumes/MonsterHD/btsync/coding/csfp/Rules:50:in `block (2 levels) in parse'
  18. /Volumes/MonsterHD/btsync/coding/csfp/Rules:44:in `each'
  19. /Volumes/MonsterHD/btsync/coding/csfp/Rules:44:in `block in parse'
  20. /Users/pitosalas/.rbenv/versions/2.2.3/lib/ruby/gems/2.2.0/gems/nanoc-4.0.0rc2/lib/nanoc/base/compilation/rule.rb:69:in `instance_exec'
  21. /Users/pitosalas/.rbenv/versions/2.2.3/lib/ruby/gems/2.2.0/gems/nanoc-4.0.0rc2/lib/nanoc/base/compilation/rule.rb:69:in `apply_to'
  22. /Users/pitosalas/.rbenv/versions/2.2.3/lib/ruby/gems/2.2.0/gems/nanoc-4.0.0rc2/lib/nanoc/base/compilation/compiler.rb:390:in `compile_rep'
  23. /Users/pitosalas/.rbenv/versions/2.2.3/lib/ruby/gems/2.2.0/gems/nanoc-4.0.0rc2/lib/nanoc/base/compilation/compiler.rb:343:in `block in compile_reps'
  24. /Users/pitosalas/.rbenv/versions/2.2.3/lib/ruby/gems/2.2.0/gems/nanoc-4.0.0rc2/lib/nanoc/base/compilation/compiler.rb:336:in `loop'
  25. /Users/pitosalas/.rbenv/versions/2.2.3/lib/ruby/gems/2.2.0/gems/nanoc-4.0.0rc2/lib/nanoc/base/compilation/compiler.rb:336:in `compile_reps'
  26. /Users/pitosalas/.rbenv/versions/2.2.3/lib/ruby/gems/2.2.0/gems/nanoc-4.0.0rc2/lib/nanoc/base/compilation/compiler.rb:93:in `run'
  27. /Users/pitosalas/.rbenv/versions/2.2.3/lib/ruby/gems/2.2.0/gems/nanoc-4.0.0rc2/lib/nanoc/base/source_data/site.rb:23:in `compile'
  28. /Users/pitosalas/.rbenv/versions/2.2.3/lib/ruby/gems/2.2.0/gems/nanoc-4.0.0rc2/lib/nanoc/cli/commands/compile.rb:376:in `block in run'
  29. /Users/pitosalas/.rbenv/versions/2.2.3/lib/ruby/gems/2.2.0/gems/nanoc-4.0.0rc2/lib/nanoc/cli/commands/compile.rb:418:in `run_listeners_while'
  30. /Users/pitosalas/.rbenv/versions/2.2.3/lib/ruby/gems/2.2.0/gems/nanoc-4.0.0rc2/lib/nanoc/cli/commands/compile.rb:375:in `run'
  31. /Users/pitosalas/.rbenv/versions/2.2.3/lib/ruby/gems/2.2.0/gems/nanoc-4.0.0rc2/lib/nanoc/cli/command_runner.rb:12:in `block in call'
  32. /Users/pitosalas/.rbenv/versions/2.2.3/lib/ruby/gems/2.2.0/gems/nanoc-4.0.0rc2/lib/nanoc/cli/error_handler.rb:64:in `handle_while'
  33. /Users/pitosalas/.rbenv/versions/2.2.3/lib/ruby/gems/2.2.0/gems/nanoc-4.0.0rc2/lib/nanoc/cli/error_handler.rb:22:in `handle_while'
  34. /Users/pitosalas/.rbenv/versions/2.2.3/lib/ruby/gems/2.2.0/gems/nanoc-4.0.0rc2/lib/nanoc/cli/command_runner.rb:11:in `call'
  35. /Users/pitosalas/.rbenv/versions/2.2.3/lib/ruby/gems/2.2.0/gems/cri-2.7.0/lib/cri/command_dsl.rb:233:in `block in runner'
  36. /Users/pitosalas/.rbenv/versions/2.2.3/lib/ruby/gems/2.2.0/gems/cri-2.7.0/lib/cri/command.rb:294:in `call'
  37. /Users/pitosalas/.rbenv/versions/2.2.3/lib/ruby/gems/2.2.0/gems/cri-2.7.0/lib/cri/command.rb:294:in `run_this'
  38. /Users/pitosalas/.rbenv/versions/2.2.3/lib/ruby/gems/2.2.0/gems/cri-2.7.0/lib/cri/command.rb:247:in `run'
  39. /Users/pitosalas/.rbenv/versions/2.2.3/lib/ruby/gems/2.2.0/gems/cri-2.7.0/lib/cri/command.rb:260:in `run'
  40. /Users/pitosalas/.rbenv/versions/2.2.3/lib/ruby/gems/2.2.0/gems/nanoc-4.0.0rc2/lib/nanoc/cli.rb:53:in `block in run'
  41. /Users/pitosalas/.rbenv/versions/2.2.3/lib/ruby/gems/2.2.0/gems/nanoc-4.0.0rc2/lib/nanoc/cli/error_handler.rb:64:in `handle_while'
  42. /Users/pitosalas/.rbenv/versions/2.2.3/lib/ruby/gems/2.2.0/gems/nanoc-4.0.0rc2/lib/nanoc/cli/error_handler.rb:22:in `handle_while'
  43. /Users/pitosalas/.rbenv/versions/2.2.3/lib/ruby/gems/2.2.0/gems/nanoc-4.0.0rc2/lib/nanoc/cli.rb:51:in `run'
  44. /Users/pitosalas/.rbenv/versions/2.2.3/lib/ruby/gems/2.2.0/gems/nanoc-4.0.0rc2/bin/nanoc:9:in `<top (required)>'
  45. /Users/pitosalas/.rbenv/versions/2.2.3/bin/nanoc:23:in `load'

===== VERSION INFORMATION:

Nanoc 4.0.0rc2 © 2007-2015 Denis Defreyne.
Running ruby 2.2.3 (2015-08-18) on x86_64-darwin15 with RubyGems 2.4.5.1.

===== SYSTEM INFORMATION:

Darwin Monster.local 15.6.0 Darwin Kernel Version 15.6.0: Thu Jun 16 20:45:32 PDT 2016; root:xnu-3248.60.8~2/RELEASE_X86_64 x86_64

===== INSTALLED GEMS:

  actionmailer 4.2.5.1, 4.2.6
  actionpack 4.2.5.1, 4.2.6
  actionview 4.2.5.1, 4.2.6
  activejob 4.2.5.1, 4.2.6
  activemodel 4.2.4, 4.2.5.1, 4.2.6
  activerecord 4.2.4, 4.2.5.1, 4.2.6
  activesupport 4.2.4, 4.2.5.1, 4.2.6
  adsf 1.2.0
  arel 6.0.0, 6.0.3
  ast 2.1.0
  astrolabe 1.3.1
  awesome_print 1.6.1
  aws 2.8.0
  bigdecimal 1.2.6
  binding_of_caller 0.7.2
  builder 3.2.2
  bundler 1.10.6
  byebug 3.5.1, 5.0.0, 8.2.2
  coderay 1.1.0, 1.1.1
  coffee-rails 4.0.1, 4.1.1
  coffee-script 2.4.1
  coffee-script-source 1.10.0
  colored 1.2
  columnize 0.9.0
  concurrent-ruby 1.0.0, 1.0.1
  coursegen 0.3.0, 0.3.1
  cri 2.7.0
  debug_inspector 0.0.2
  debugger-linecache 1.2.0
  diff-lcs 1.2.5
  erubis 2.7.0
  ethon 0.8.0
  execjs 2.6.0
  ffi 1.9.10
  formatador 0.2.5
  globalid 0.3.6
  guard 2.13.0
  guard-compat 1.2.1
  guard-shell 0.7.1
  hike 1.2.3
  hirb 0.7.3
  http_connection 1.4.4
  httpclient 2.7.1
  i18n 0.7.0
  icalendar 2.3.0
  io-console 0.4.3
  jbuilder 1.5.3, 2.4.1
  jquery-rails 4.1.0, 4.1.1
  jquery-turbolinks 2.1.0
  jquery-ui-rails 5.0.5
  json 1.8.1, 1.8.3
  kramdown 1.8.0
  listen 3.0.3
  loofah 2.0.3
  lumberjack 1.0.9
  mail 2.6.3, 2.6.4
  method_source 0.8.2
  mime-types 1.25.1, 2.99, 2.99.1, 3.0
  mime-types-data 3.2016.0221
  mini_portile 0.6.2
  mini_portile2 2.0.0
  minitest 5.8.0, 5.8.4
  multi_json 1.11.2
  nanoc 4.0.0rc2
  nenv 0.2.0
  nokogiri 1.6.6.2, 1.6.7.2
  notiffany 0.0.8
  parser 2.2.2.6
  pg 0.18.1
  power_assert 0.2.2
  powerpack 0.1.1
  proxifier 1.0.3
  pry 0.10.1, 0.10.3
  pry-byebug 3.2.0, 3.3.0
  pry-rails 0.3.3
  psych 2.0.8
  pusher 0.17.0
  pusher-signature 0.1.8
  rack 1.6.4
  rack-protection 1.5.3
  rack-test 0.6.3
  rails 4.2.5.1, 4.2.6
  rails-deprecated_sanitizer 1.0.3
  rails-dom-testing 1.0.7
  rails-html-sanitizer 1.0.3
  rails_12factor 0.0.3
  rails_serve_static_assets 0.0.5
  rails_stdout_logging 0.0.4
  railties 4.2.5.1, 4.2.6
  rainbow 2.0.0
  rake 10.4.2, 10.5.0, 11.1.2
  rb-fsevent 0.9.6
  rb-inotify 0.9.5
  rdoc 4.2.0, 4.2.2
  rspec 3.3.0
  rspec-core 3.3.2
  rspec-expectations 3.3.1
  rspec-mocks 3.3.2
  rspec-support 3.3.0
  rubocop 0.34.2
  ruby-beautify 0.97.3
  ruby-progressbar 1.7.5
  rubytree 0.9.6
  sass 3.2.19, 3.4.21
  sass-rails 4.0.5, 5.0.4
  sdoc 0.4.1
  shellany 0.0.1
  sinatra 1.4.5, 1.4.6
  sinatra-activerecord 2.0.5
  slop 3.6.0
  spring 1.6.3, 1.6.4
  sprockets 2.12.4, 3.5.2
  sprockets-rails 2.3.3, 3.0.1, 3.0.3
  sqlite3 1.3.10, 1.3.11
  structured_warnings 0.2.0
  test-unit 3.0.8
  thor 0.19.1
  thread_safe 0.3.5
  tilt 1.4.1, 2.0.1, 2.0.2
  turbolinks 2.5.3
  typhoeus 0.8.0
  tzinfo 1.2.2
  uglifier 2.7.2, 3.0.0
  uuidtools 2.1.5
  web-console 2.3.0
  xml-simple 1.1.5

===== ENVIRONMENT:

Apple_PubSub_Socket_Render => "/private/tmp/com.apple.launchd.b17riiU535/Render"
COLORFGBG => "0;15"
DISPLAY => "/private/tmp/com.apple.launchd.olwrVHapA9/org.macosforge.xquartz:0"
EDITOR => "atom"
GUARD_NOTIFIERS => "---\n- :name: :terminal_title\n  :options: {}\n"
GUARD_NOTIFY_ACTIVE => "true"
GUARD_NOTIFY_PID => "17055"
HOME => "/Users/pitosalas"
ITERM_PROFILE => "Default"
ITERM_SESSION_ID => "w0t1p1:0DBFE4CC-BD5E-434E-861B-338700A7ABED"
LANG => "en_US.UTF-8"
LOGNAME => "pitosalas"
PATH => "/Users/pitosalas/.rbenv/versions/2.2.3/bin:/usr/local/Cellar/rbenv/1.0.0/libexec:/Users/pitosalas/.rbenv/shims:/usr/bin:/bin:/usr/sbin:/sbin:/opt/X11/bin:/usr/local/bin"
PWD => "/Volumes/MonsterHD/btsync/coding/csfp"
RBENV_DIR => "/Volumes/MonsterHD/btsync/coding/csfp"
RBENV_HOOK_PATH => "/Users/pitosalas/.rbenv/rbenv.d:/usr/local/Cellar/rbenv/1.0.0/rbenv.d:/usr/local/etc/rbenv.d:/etc/rbenv.d:/usr/lib/rbenv/hooks"
RBENV_ROOT => "/Users/pitosalas/.rbenv"
RBENV_SHELL => "fish"
RBENV_VERSION => "2.2.3"
RUBYLIB => "/usr/local/Cellar/rbenv/1.0.0/rbenv.d/exec/gem-rehash:"
SHELL => "/usr/local/bin/fish"
SHLVL => "1"
SSH_AUTH_SOCK => "/private/tmp/com.apple.launchd.v1uzqsvN1p/Listeners"
TERM => "xterm-256color"
TERM_PROGRAM => "iTerm.app"
TERM_PROGRAM_VERSION => "3.0.2"
TERM_SESSION_ID => "w0t1p1:0DBFE4CC-BD5E-434E-861B-338700A7ABED"
TMPDIR => "/var/folders/6m/_lcczn1s51x623pwfg7xvhxm0000gn/T/"
USER => "pitosalas"
XPC_FLAGS => "0x0"
XPC_SERVICE_NAME => "0"
__CF_USER_TEXT_ENCODING => "0x1F5:0x0:0x0"

===== LOAD PATHS:

  0. /usr/local/Cellar/rbenv/1.0.0/rbenv.d/exec/gem-rehash
  1. /Users/pitosalas/.rbenv/versions/2.2.3/lib/ruby/gems/2.2.0/gems/colored-1.2/lib
  2. /Users/pitosalas/.rbenv/versions/2.2.3/lib/ruby/gems/2.2.0/gems/cri-2.7.0/lib
  3. /Users/pitosalas/.rbenv/versions/2.2.3/lib/ruby/gems/2.2.0/gems/nanoc-4.0.0rc2/lib
  4. /Users/pitosalas/.rbenv/versions/2.2.3/lib/ruby/gems/2.2.0/gems/thor-0.19.1/lib
  5. /Users/pitosalas/.rbenv/versions/2.2.3/lib/ruby/gems/2.2.0/gems/structured_warnings-0.2.0/lib
  6. /Users/pitosalas/.rbenv/versions/2.2.3/lib/ruby/gems/2.2.0/gems/rubytree-0.9.6/lib
  7. /Users/pitosalas/.rbenv/versions/2.2.3/lib/ruby/gems/2.2.0/gems/kramdown-1.8.0/lib
  8. /Users/pitosalas/.rbenv/versions/2.2.3/lib/ruby/gems/2.2.0/gems/rack-1.6.4/lib
  9. /Users/pitosalas/.rbenv/versions/2.2.3/lib/ruby/gems/2.2.0/gems/adsf-1.2.0/lib
  10. /Users/pitosalas/.rbenv/versions/2.2.3/lib/ruby/gems/2.2.0/gems/rb-fsevent-0.9.6/lib
  11. /Users/pitosalas/.rbenv/versions/2.2.3/lib/ruby/gems/2.2.0/extensions/x86_64-darwin-15/2.2.0-static/ffi-1.9.10
  12. /Users/pitosalas/.rbenv/versions/2.2.3/lib/ruby/gems/2.2.0/gems/ffi-1.9.10/lib
  13. /Users/pitosalas/.rbenv/versions/2.2.3/lib/ruby/gems/2.2.0/gems/rb-inotify-0.9.5/lib
  14. /Users/pitosalas/.rbenv/versions/2.2.3/lib/ruby/gems/2.2.0/gems/listen-3.0.3/lib
  15. /Users/pitosalas/.rbenv/versions/2.2.3/lib/ruby/gems/2.2.0/gems/lumberjack-1.0.9/lib
  16. /Users/pitosalas/.rbenv/versions/2.2.3/lib/ruby/gems/2.2.0/gems/formatador-0.2.5/lib
  17. /Users/pitosalas/.rbenv/versions/2.2.3/lib/ruby/gems/2.2.0/gems/nenv-0.2.0/lib
  18. /Users/pitosalas/.rbenv/versions/2.2.3/lib/ruby/gems/2.2.0/gems/shellany-0.0.1/lib
  19. /Users/pitosalas/.rbenv/versions/2.2.3/lib/ruby/gems/2.2.0/gems/notiffany-0.0.8/lib
  20. /Users/pitosalas/.rbenv/versions/2.2.3/lib/ruby/gems/2.2.0/gems/guard-2.13.0/lib
  21. /Users/pitosalas/.rbenv/versions/2.2.3/lib/ruby/gems/2.2.0/gems/guard-compat-1.2.1/lib
  22. /Users/pitosalas/.rbenv/versions/2.2.3/lib/ruby/gems/2.2.0/gems/guard-shell-0.7.1/lib
  23. /Users/pitosalas/.rbenv/versions/2.2.3/lib/ruby/gems/2.2.0/gems/thread_safe-0.3.5/lib
  24. /Users/pitosalas/.rbenv/versions/2.2.3/lib/ruby/gems/2.2.0/gems/tzinfo-1.2.2/lib
  25. /Users/pitosalas/.rbenv/versions/2.2.3/lib/ruby/gems/2.2.0/gems/icalendar-2.3.0/lib
  26. /Users/pitosalas/.rbenv/versions/2.2.3/lib/ruby/gems/2.2.0/gems/coursegen-0.3.1/lib
  27. /Users/pitosalas/.rbenv/versions/2.2.3/lib/ruby/gems/2.2.0/gems/mini_portile2-2.0.0/lib
  28. /Users/pitosalas/.rbenv/versions/2.2.3/lib/ruby/gems/2.2.0/extensions/x86_64-darwin-15/2.2.0-static/nokogiri-1.6.7.2
  29. /Users/pitosalas/.rbenv/versions/2.2.3/lib/ruby/gems/2.2.0/gems/nokogiri-1.6.7.2/lib
  30. /Users/pitosalas/.rbenv/versions/2.2.3/lib/ruby/gems/2.2.0/gems/slop-3.6.0/lib
  31. /Users/pitosalas/.rbenv/versions/2.2.3/lib/ruby/gems/2.2.0/gems/method_source-0.8.2/lib
  32. /Users/pitosalas/.rbenv/versions/2.2.3/lib/ruby/gems/2.2.0/gems/pry-0.10.3/lib
  33. /Users/pitosalas/.rbenv/versions/2.2.3/lib/ruby/gems/2.2.0/gems/coderay-1.1.1/lib
  34. /Users/pitosalas/.rbenv/versions/2.2.3/lib/ruby/gems/2.2.0/extensions/x86_64-darwin-15/2.2.0-static/byebug-8.2.2
  35. /Users/pitosalas/.rbenv/versions/2.2.3/lib/ruby/gems/2.2.0/gems/byebug-8.2.2/lib
  36. /Users/pitosalas/.rbenv/versions/2.2.3/lib/ruby/gems/2.2.0/gems/pry-byebug-3.3.0/lib
  37. /Users/pitosalas/.rbenv/versions/2.2.3/lib/ruby/gems/2.2.0/gems/i18n-0.7.0/lib
  38. /Users/pitosalas/.rbenv/versions/2.2.3/lib/ruby/gems/2.2.0/gems/activesupport-4.2.6/lib
  39. /Users/pitosalas/.rbenv/versions/2.2.3/lib/ruby/gems/2.2.0/extensions/x86_64-darwin-15/2.2.0-static/json-1.8.3
  40. /Users/pitosalas/.rbenv/versions/2.2.3/lib/ruby/gems/2.2.0/gems/json-1.8.3/lib
  41. /Users/pitosalas/.rbenv/versions/2.2.3/lib/ruby/site_ruby/2.2.0
  42. /Users/pitosalas/.rbenv/versions/2.2.3/lib/ruby/site_ruby/2.2.0/x86_64-darwin15
  43. /Users/pitosalas/.rbenv/versions/2.2.3/lib/ruby/site_ruby
  44. /Users/pitosalas/.rbenv/versions/2.2.3/lib/ruby/vendor_ruby/2.2.0
  45. /Users/pitosalas/.rbenv/versions/2.2.3/lib/ruby/vendor_ruby/2.2.0/x86_64-darwin15
  46. /Users/pitosalas/.rbenv/versions/2.2.3/lib/ruby/vendor_ruby
  47. /Users/pitosalas/.rbenv/versions/2.2.3/lib/ruby/2.2.0
  48. /Users/pitosalas/.rbenv/versions/2.2.3/lib/ruby/2.2.0/x86_64-darwin15
